SF:lib\chatwoot_client.dart
DA:27,3
DA:29,3
DA:31,1
DA:32,2
DA:33,2
DA:34,4
DA:35,4
DA:36,1
DA:37,3
DA:40,1
DA:42,3
DA:43,0
DA:44,0
DA:51,1
DA:52,2
DA:53,3
DA:59,1
DA:61,1
DA:62,3
DA:68,1
DA:69,2
DA:73,1
DA:74,4
DA:75,2
DA:76,1
DA:77,4
DA:81,1
DA:82,4
DA:83,4
DA:84,1
DA:90,1
DA:97,2
DA:100,1
DA:101,1
DA:104,1
DA:108,1
DA:111,1
DA:113,1
DA:126,1
DA:130,1
DA:133,3
DA:137,1
DA:141,1
DA:145,2
DA:146,0
DA:147,2
DA:148,1
DA:154,3
DA:155,2
DA:157,1
DA:158,1
DA:159,2
DA:163,1
DA:164,2
DA:165,2
DA:166,1
DA:172,3
DA:173,2
DA:175,1
DA:176,1
LF:60
LH:57
end_of_record
SF:lib\data\chatwoot_repository.dart
DA:30,1
DA:52,1
DA:56,1
DA:63,1
DA:65,3
DA:66,4
DA:67,3
DA:68,1
DA:69,3
DA:76,1
DA:78,3
DA:79,1
DA:80,3
DA:85,1
DA:88,4
DA:92,3
DA:93,3
DA:96,3
DA:98,3
DA:99,1
DA:100,4
DA:101,0
DA:104,3
DA:105,0
DA:106,0
DA:109,1
DA:113,1
DA:115,3
DA:116,4
DA:117,4
DA:118,3
DA:119,1
DA:121,1
DA:122,3
DA:123,4
DA:130,1
DA:132,4
DA:136,2
DA:137,4
DA:139,5
DA:140,2
DA:141,2
DA:142,3
DA:143,2
DA:144,3
DA:145,2
DA:146,1
DA:147,1
DA:149,3
DA:150,3
DA:152,2
DA:153,3
DA:154,3
DA:155,1
DA:156,2
DA:157,4
DA:159,3
DA:161,3
DA:163,3
DA:164,3
DA:166,3
DA:167,3
DA:170,3
DA:171,1
DA:172,1
DA:174,3
DA:176,3
DA:179,2
DA:182,2
DA:187,1
DA:188,3
DA:192,1
DA:194,2
DA:195,2
DA:196,3
DA:197,1
DA:202,1
DA:204,2
DA:205,4
LF:79
LH:76
end_of_record
SF:lib\data\local\entity\chatwoot_user.dart
DA:43,6
DA:51,0
DA:53,0
DA:55,0
DA:56,0
DA:58,2
LF:6
LH:2
end_of_record
SF:lib\data\local\entity\chatwoot_user.g.dart
DA:13,0
DA:15,0
DA:16,0
DA:17,0
DA:19,0
DA:20,0
DA:21,0
DA:22,0
DA:23,0
DA:24,0
DA:25,0
DA:29,1
DA:32,1
DA:33,1
DA:34,2
DA:35,1
DA:36,2
DA:37,1
DA:38,2
DA:39,1
DA:40,2
DA:41,1
DA:42,2
DA:43,1
DA:44,2
DA:47,0
DA:48,0
DA:50,0
DA:53,0
DA:54,0
DA:55,0
DA:62,0
DA:63,0
DA:64,0
DA:65,0
DA:66,0
DA:67,0
DA:68,0
DA:69,0
DA:73,1
DA:74,1
DA:75,1
DA:76,1
DA:77,1
DA:78,1
DA:79,1
DA:80,1
LF:47
LH:22
end_of_record
SF:lib\data\remote\requests\chatwoot_action_data.dart
DA:10,1
DA:12,0
DA:13,0
DA:15,2
DA:18,15
DA:25,1
DA:27,1
DA:29,1
DA:31,0
DA:33,0
DA:38,0
DA:40,0
DA:42,0
DA:44,0
DA:46,0
LF:15
LH:6
end_of_record
SF:lib\data\remote\requests\chatwoot_action_data.g.dart
DA:9,0
DA:10,0
DA:11,0
DA:15,1
DA:16,1
DA:17,2
LF:6
LH:3
end_of_record
SF:lib\di\modules.dart
DA:21,2
DA:22,3
DA:23,3
DA:27,2
DA:28,1
DA:29,1
DA:30,3
DA:31,3
DA:32,1
DA:33,1
DA:37,2
DA:38,3
DA:39,3
DA:40,3
DA:41,2
DA:46,2
DA:47,1
DA:48,1
DA:49,3
DA:50,1
DA:54,0
DA:62,4
DA:63,2
DA:64,1
DA:69,4
DA:70,2
DA:71,1
DA:76,4
DA:77,2
DA:78,1
DA:83,4
DA:84,2
DA:85,1
DA:89,4
DA:90,3
DA:94,4
DA:95,2
DA:96,1
DA:100,4
DA:101,2
DA:102,1
DA:106,4
DA:107,3
DA:114,2
DA:115,2
DA:116,1
DA:117,1
DA:120,2
DA:122,2
DA:123,1
DA:124,1
DA:131,2
DA:132,2
DA:133,1
DA:134,1
DA:136,2
DA:138,2
DA:139,1
DA:140,1
DA:147,2
DA:148,2
DA:149,1
DA:150,1
DA:152,2
DA:154,2
DA:155,1
DA:156,1
DA:163,2
DA:164,2
DA:165,1
DA:166,1
DA:168,2
DA:169,2
DA:170,1
DA:171,1
DA:175,4
DA:176,3
DA:177,3
DA:178,3
DA:179,3
DA:180,3
DA:182,1
DA:190,2
DA:191,1
DA:192,0
DA:193,0
DA:195,0
DA:197,0
DA:200,0
LF:89
LH:83
end_of_record
SF:lib\chatwoot_callbacks.dart
DA:64,2
LF:1
LH:1
end_of_record
SF:lib\data\local\local_storage.dart
DA:26,2
DA:33,2
DA:35,3
DA:36,2
DA:37,3
DA:39,2
DA:40,3
DA:42,2
DA:43,3
DA:45,2
DA:46,3
DA:48,2
DA:49,3
DA:52,1
DA:55,4
DA:56,4
DA:57,4
DA:58,4
DA:61,1
DA:62,3
DA:63,3
DA:64,3
DA:66,3
DA:70,1
DA:71,3
DA:72,3
DA:73,3
DA:74,3
DA:77,1
DA:78,2
DA:79,2
DA:80,2
DA:81,2
LF:33
LH:33
end_of_record
SF:lib\data\remote\requests\chatwoot_new_message_request.dart
DA:13,3
DA:15,0
DA:16,0
DA:18,0
DA:19,0
DA:21,2
LF:6
LH:2
end_of_record
SF:lib\data\remote\requests\chatwoot_new_message_request.g.dart
DA:9,0
DA:11,0
DA:12,0
DA:13,0
DA:17,1
DA:19,1
DA:20,1
DA:21,1
LF:8
LH:4
end_of_record
SF:lib\data\remote\service\chatwoot_client_service.dart
DA:22,1
DA:43,1
DA:44,1
DA:48,1
DA:51,3
DA:52,1
DA:53,1
DA:54,2
DA:55,2
DA:57,1
DA:58,1
DA:61,1
DA:62,1
DA:63,1
DA:69,1
DA:71,3
DA:72,1
DA:73,2
DA:74,1
DA:75,3
DA:76,1
DA:78,1
DA:79,1
DA:82,1
DA:83,1
DA:84,1
DA:90,1
DA:92,3
DA:93,1
DA:94,2
DA:95,2
DA:97,1
DA:98,1
DA:101,1
DA:102,1
DA:103,1
DA:109,1
DA:111,3
DA:112,1
DA:113,2
DA:114,1
DA:115,3
DA:116,1
DA:118,1
DA:119,1
DA:122,1
DA:123,1
DA:124,1
DA:130,1
DA:132,3
DA:133,1
DA:135,2
DA:136,2
DA:138,1
DA:139,1
DA:142,1
DA:143,1
DA:144,1
DA:150,1
DA:153,3
DA:154,1
DA:156,2
DA:157,2
DA:159,1
DA:160,1
DA:163,1
DA:164,1
DA:165,1
DA:169,1
DA:172,4
DA:173,1
DA:174,0
DA:175,1
DA:176,5
DA:178,1
DA:179,1
DA:183,1
DA:186,1
DA:187,1
DA:189,1
DA:190,0
DA:193,1
DA:195,1
DA:199,5
LF:84
LH:82
end_of_record
SF:lib\data\local\dao\chatwoot_contact_dao.dart
DA:15,19
DA:26,2
DA:30,1
DA:32,3
DA:33,4
DA:34,3
DA:38,1
DA:39,3
DA:40,2
DA:41,4
DA:44,1
DA:46,4
DA:51,3
DA:57,2
DA:61,0
DA:63,1
DA:64,3
DA:65,3
DA:68,3
DA:69,9
DA:70,3
DA:71,9
DA:72,3
DA:80,1
DA:81,1
DA:84,1
DA:86,1
DA:90,1
DA:91,1
DA:95,1
DA:96,1
DA:99,1
DA:100,1
LF:33
LH:32
end_of_record
SF:lib\data\local\dao\chatwoot_conversation_dao.dart
DA:13,19
DA:27,2
DA:33,1
DA:35,3
DA:36,2
DA:37,2
DA:38,3
DA:42,1
DA:43,3
DA:44,3
DA:45,4
DA:48,1
DA:50,4
DA:55,3
DA:57,1
DA:63,2
DA:67,0
DA:69,3
DA:70,9
DA:71,3
DA:72,9
DA:74,3
DA:78,1
DA:79,3
DA:80,3
DA:88,1
DA:89,1
DA:92,1
DA:94,1
DA:98,1
DA:99,1
DA:103,1
DA:104,1
DA:108,1
DA:109,1
LF:35
LH:34
end_of_record
SF:lib\data\local\dao\chatwoot_messages_dao.dart
DA:19,19
DA:30,2
DA:34,1
DA:36,3
DA:37,1
DA:38,4
DA:40,3
DA:44,1
DA:45,4
DA:46,5
DA:47,1
DA:51,1
DA:52,4
DA:55,1
DA:57,1
DA:60,2
DA:61,2
DA:62,2
DA:63,3
DA:65,1
DA:68,2
DA:69,4
DA:70,1
DA:73,1
DA:74,0
DA:81,0
DA:84,1
DA:85,3
DA:86,3
DA:89,1
DA:91,2
DA:95,1
DA:96,3
DA:97,3
DA:100,3
DA:101,9
DA:102,3
DA:103,9
DA:104,3
DA:112,1
DA:113,2
DA:117,1
DA:118,2
DA:121,1
DA:123,2
DA:126,1
DA:129,3
DA:130,1
DA:131,0
DA:137,1
DA:138,2
DA:142,1
DA:143,2
DA:144,2
DA:149,1
DA:150,4
DA:154,1
DA:155,2
LF:58
LH:55
end_of_record
SF:lib\data\local\dao\chatwoot_user_dao.dart
DA:13,19
DA:23,2
DA:27,1
DA:29,3
DA:30,4
DA:31,3
DA:35,1
DA:36,3
DA:37,3
DA:38,4
DA:41,1
DA:43,4
DA:47,3
DA:49,2
DA:53,0
DA:56,1
DA:57,3
DA:58,3
DA:61,3
DA:62,12
DA:63,9
DA:64,3
DA:72,1
DA:73,1
DA:76,1
DA:78,1
DA:82,1
DA:83,1
DA:87,1
DA:88,1
DA:92,1
DA:93,1
LF:32
LH:31
end_of_record
SF:lib\data\local\entity\chatwoot_contact.g.dart
DA:13,0
DA:15,0
DA:16,0
DA:17,0
DA:19,0
DA:20,0
DA:21,0
DA:22,0
DA:23,0
DA:24,0
DA:28,2
DA:31,2
DA:32,2
DA:33,4
DA:34,2
DA:35,4
DA:36,2
DA:37,4
DA:38,2
DA:39,4
DA:40,2
DA:41,4
DA:44,0
DA:45,0
DA:47,0
DA:50,0
DA:51,0
DA:52,0
DA:59,8
DA:60,8
DA:61,8
DA:62,8
DA:63,8
DA:64,8
DA:65,8
DA:69,0
DA:70,0
DA:71,0
DA:72,0
DA:73,0
DA:74,0
DA:75,0
LF:42
LH:19
end_of_record
SF:lib\data\local\entity\chatwoot_contact.dart
DA:37,8
DA:45,8
DA:46,8
DA:48,0
DA:50,2
DA:51,12
LF:6
LH:5
end_of_record
SF:lib\data\local\entity\chatwoot_conversation.dart
DA:32,6
DA:38,6
DA:39,6
DA:41,0
DA:43,2
DA:44,10
LF:6
LH:5
end_of_record
SF:lib\data\local\entity\chatwoot_conversation.g.dart
DA:13,0
DA:15,0
DA:16,0
DA:17,0
DA:19,0
DA:20,0
DA:21,0
DA:22,0
DA:23,0
DA:27,1
DA:30,1
DA:31,1
DA:32,2
DA:33,1
DA:34,2
DA:35,1
DA:36,2
DA:37,1
DA:38,2
DA:41,0
DA:42,0
DA:44,0
DA:47,0
DA:48,0
DA:49,0
DA:56,6
DA:57,6
DA:58,6
DA:59,6
DA:60,6
DA:61,8
DA:62,6
DA:63,12
DA:67,0
DA:69,0
DA:70,0
DA:71,0
DA:72,0
DA:73,0
LF:39
LH:18
end_of_record
SF:lib\data\local\entity\chatwoot_message.dart
DA:61,3
DA:63,4
DA:74,4
DA:75,4
DA:77,0
DA:79,1
DA:80,1
DA:81,1
DA:82,1
DA:83,1
DA:84,1
DA:85,1
DA:86,1
DA:87,1
DA:88,1
DA:89,1
DA:93,4
DA:94,4
DA:95,0
DA:100,4
DA:101,4
DA:102,0
DA:107,4
DA:108,4
DA:109,12
DA:111,1
LF:26
LH:23
end_of_record
SF:lib\data\local\entity\chatwoot_message.g.dart
DA:13,0
DA:15,0
DA:16,0
DA:17,0
DA:19,0
DA:20,0
DA:21,0
DA:22,0
DA:23,0
DA:24,0
DA:25,0
DA:26,0
DA:27,0
DA:28,0
DA:32,1
DA:35,1
DA:36,1
DA:37,2
DA:38,1
DA:39,2
DA:40,1
DA:41,2
DA:42,1
DA:43,2
DA:44,1
DA:45,2
DA:46,1
DA:47,2
DA:48,1
DA:49,2
DA:50,1
DA:51,2
DA:52,1
DA:53,2
DA:56,0
DA:57,0
DA:59,0
DA:62,0
DA:63,0
DA:64,0
DA:71,4
DA:72,4
DA:73,8
DA:74,4
DA:75,8
DA:76,4
DA:77,4
DA:78,8
DA:79,8
DA:80,4
DA:81,4
DA:83,4
DA:84,4
DA:88,0
DA:89,0
DA:90,0
DA:91,0
DA:92,0
DA:93,0
DA:94,0
DA:95,0
DA:96,0
DA:97,0
DA:98,0
LF:64
LH:33
end_of_record
SF:lib\data\remote\chatwoot_client_exception.dart
DA:7,3
DA:11,15
LF:2
LH:2
end_of_record
SF:lib\data\remote\responses\chatwoot_event.dart
DA:20,1
DA:22,1
DA:23,1
DA:25,0
DA:28,1
DA:31,1
DA:32,1
DA:33,1
DA:34,0
DA:36,1
DA:48,1
DA:50,1
DA:51,1
DA:53,0
DA:118,1
DA:140,1
DA:141,1
DA:143,2
DA:145,1
DA:146,2
DA:170,4
DA:173,4
DA:174,4
DA:176,0
DA:178,1
DA:179,5
DA:182,15
DA:184,0
DA:185,0
DA:188,1
DA:190,1
DA:192,1
DA:194,1
DA:201,15
DA:208,0
DA:210,0
DA:212,0
DA:214,0
DA:216,0
DA:218,0
DA:221,0
DA:225,1
DA:227,1
DA:229,1
DA:231,1
DA:233,1
LF:46
LH:33
end_of_record
SF:lib\data\remote\responses\chatwoot_event.g.dart
DA:14,0
DA:16,0
DA:17,0
DA:18,0
DA:20,0
DA:21,0
DA:22,0
DA:23,0
DA:24,0
DA:28,1
DA:31,1
DA:32,1
DA:33,2
DA:34,1
DA:35,2
DA:36,1
DA:37,2
DA:38,1
DA:39,2
DA:42,0
DA:43,0
DA:45,0
DA:48,0
DA:49,0
DA:50,0
DA:57,1
DA:58,1
DA:59,2
DA:60,2
DA:61,1
DA:65,0
DA:66,0
DA:67,0
DA:68,0
DA:69,0
DA:72,1
DA:73,1
DA:74,1
DA:76,1
DA:77,1
DA:78,2
DA:82,0
DA:84,0
DA:85,0
DA:86,0
DA:89,1
DA:91,1
DA:92,1
DA:93,1
DA:95,0
DA:96,0
DA:97,1
DA:98,1
DA:99,1
DA:101,0
DA:102,0
DA:103,1
DA:104,1
DA:105,1
DA:106,1
DA:107,1
DA:108,1
DA:109,1
DA:110,1
DA:111,1
DA:112,1
DA:113,1
DA:114,1
DA:115,1
DA:116,1
DA:117,1
DA:121,1
DA:123,1
DA:124,1
DA:125,1
DA:126,1
DA:127,1
DA:128,1
DA:129,1
DA:130,1
DA:131,1
DA:132,1
DA:133,1
DA:134,1
DA:135,1
DA:136,1
DA:137,1
DA:138,1
DA:139,1
DA:140,1
DA:141,1
DA:142,1
DA:143,1
DA:146,4
DA:148,4
DA:149,4
DA:150,4
DA:151,4
DA:152,4
DA:156,0
DA:158,0
DA:159,0
DA:160,0
DA:161,0
DA:162,0
LF:105
LH:71
end_of_record
SF:lib\chatwoot_parameters.dart
DA:10,2
DA:17,2
DA:18,2
DA:19,2
DA:20,2
DA:21,2
DA:22,2
DA:23,2
LF:8
LH:8
end_of_record
SF:lib\repository_parameters.dart
DA:14,1
LF:1
LH:1
end_of_record
SF:lib\ui\chatwoot_chat_page.dart
DA:113,0
DA:145,0
DA:147,0
DA:148,0
DA:163,0
DA:165,0
DA:167,0
DA:168,0
DA:170,0
DA:171,0
DA:172,0
DA:173,0
DA:177,0
DA:178,0
DA:179,0
DA:181,0
DA:182,0
DA:184,0
DA:185,0
DA:187,0
DA:188,0
DA:190,0
DA:191,0
DA:193,0
DA:194,0
DA:195,0
DA:196,0
DA:197,0
DA:198,0
DA:201,0
DA:203,0
DA:204,0
DA:207,0
DA:209,0
DA:210,0
DA:212,0
DA:213,0
DA:214,0
DA:215,0
DA:217,0
DA:219,0
DA:221,0
DA:222,0
DA:223,0
DA:225,0
DA:226,0
DA:227,0
DA:228,0
DA:230,0
DA:231,0
DA:233,0
DA:234,0
DA:236,0
DA:237,0
DA:239,0
DA:240,0
DA:241,0
DA:243,0
DA:244,0
DA:248,0
DA:249,0
DA:250,0
DA:251,0
DA:252,0
DA:253,0
DA:254,0
DA:255,0
DA:256,0
DA:257,0
DA:259,0
DA:260,0
DA:261,0
DA:262,0
DA:266,0
DA:268,0
DA:272,0
DA:275,0
DA:276,0
DA:277,0
DA:278,0
DA:279,0
DA:280,0
DA:281,0
DA:284,0
DA:286,0
DA:289,0
DA:290,0
DA:291,0
DA:295,0
DA:296,0
DA:297,0
DA:298,0
DA:302,0
DA:303,0
DA:304,0
DA:305,0
DA:306,0
DA:310,0
DA:311,0
DA:312,0
DA:314,0
DA:317,0
DA:321,0
DA:322,0
DA:324,0
DA:325,0
DA:326,0
DA:331,0
DA:334,0
DA:336,0
DA:340,0
DA:341,0
DA:342,0
DA:347,0
DA:348,0
DA:349,0
DA:350,0
DA:351,0
DA:352,0
DA:355,0
DA:357,0
DA:358,0
DA:359,0
DA:362,0
DA:364,0
DA:365,0
DA:366,0
DA:367,0
DA:369,0
DA:370,0
DA:371,0
DA:372,0
DA:373,0
DA:374,0
DA:375,0
DA:376,0
DA:377,0
DA:378,0
DA:379,0
DA:380,0
DA:381,0
DA:382,0
DA:383,0
DA:384,0
DA:385,0
DA:393,0
DA:395,0
DA:396,0
LF:148
LH:0
end_of_record
SF:lib\data\remote\requests\chatwoot_action.dart
DA:18,1
DA:20,0
DA:21,0
DA:23,2
LF:4
LH:2
end_of_record
SF:lib\data\remote\requests\chatwoot_action.g.dart
DA:9,0
DA:10,0
DA:11,0
DA:12,0
DA:14,0
DA:15,0
DA:19,1
DA:20,1
DA:21,1
DA:22,1
DA:23,2
LF:11
LH:5
end_of_record
SF:lib\data\remote\service\chatwoot_client_api_interceptor.dart
DA:22,2
DA:27,1
DA:29,4
DA:31,3
DA:33,3
DA:37,3
DA:38,4
DA:39,3
DA:40,2
DA:41,4
DA:42,4
DA:46,3
DA:47,2
DA:48,4
DA:51,3
DA:52,1
DA:53,3
DA:55,1
DA:56,3
DA:58,2
DA:60,1
DA:67,1
DA:69,4
DA:70,2
DA:71,2
DA:72,2
DA:73,3
DA:76,3
DA:77,4
DA:78,3
DA:79,2
DA:80,4
DA:81,4
DA:83,1
DA:85,3
DA:86,1
DA:87,3
DA:89,1
DA:90,3
DA:92,2
DA:95,5
DA:98,1
DA:105,2
DA:106,4
LF:44
LH:44
end_of_record
SF:lib\data\remote\service\chatwoot_client_auth_service.dart
DA:17,2
DA:28,4
DA:32,1
DA:35,3
DA:36,1
DA:37,1
DA:38,2
DA:40,2
DA:43,1
DA:44,1
DA:47,1
DA:48,1
DA:49,1
DA:55,1
DA:58,3
DA:59,1
DA:60,2
DA:63,2
DA:66,1
DA:67,1
DA:70,1
DA:71,1
DA:72,1
LF:23
LH:23
end_of_record
SF:lib\ui\chatwoot_chat_theme.dart
DA:13,0
DA:110,0
LF:2
LH:0
end_of_record
